{
  message: 'database is connected successfully',
  level: 'info',
  label: 'Gym Management',
  timestamp: '2023-10-03T09:00:00.138Z'
}
{
  message: 'app is listening in the 5000',
  level: 'info',
  label: 'Gym Management',
  timestamp: '2023-10-03T09:00:00.202Z'
}
{
  message: 'database is connected successfully',
  level: 'info',
  label: 'Gym Management',
  timestamp: '2023-10-03T09:51:52.873Z'
}
{
  message: 'app is listening in the 5000',
  level: 'info',
  label: 'Gym Management',
  timestamp: '2023-10-03T09:51:52.890Z'
}
