{
  message: 'database is connected successfully',
  level: 'info',
  label: 'Gym Management',
  timestamp: '2023-10-03T10:13:16.099Z'
}
{
  message: 'app is listening in the 5000',
  level: 'info',
  label: 'Gym Management',
  timestamp: '2023-10-03T10:13:16.126Z'
}
{
  message: 'database is connected successfully',
  level: 'info',
  label: 'Gym Management',
  timestamp: '2023-10-03T10:13:30.046Z'
}
{
  message: 'app is listening in the 5000',
  level: 'info',
  label: 'Gym Management',
  timestamp: '2023-10-03T10:13:30.066Z'
}
{
  message: 'database is connected successfully',
  level: 'info',
  label: 'Gym Management',
  timestamp: '2023-10-03T10:13:43.905Z'
}
{
  message: 'app is listening in the 5000',
  level: 'info',
  label: 'Gym Management',
  timestamp: '2023-10-03T10:13:43.926Z'
}
{
  message: 'database is connected successfully',
  level: 'info',
  label: 'Gym Management',
  timestamp: '2023-10-03T10:13:57.803Z'
}
{
  message: 'app is listening in the 5000',
  level: 'info',
  label: 'Gym Management',
  timestamp: '2023-10-03T10:13:57.892Z'
}
{
  message: 'database is connected successfully',
  level: 'info',
  label: 'Gym Management',
  timestamp: '2023-10-03T10:15:02.913Z'
}
{
  message: 'app is listening in the 5000',
  level: 'info',
  label: 'Gym Management',
  timestamp: '2023-10-03T10:15:02.933Z'
}
{
  message: 'database is connected successfully',
  level: 'info',
  label: 'Gym Management',
  timestamp: '2023-10-03T10:15:12.197Z'
}
{
  message: 'app is listening in the 5000',
  level: 'info',
  label: 'Gym Management',
  timestamp: '2023-10-03T10:15:12.215Z'
}
{
  message: 'database is connected successfully',
  level: 'info',
  label: 'Gym Management',
  timestamp: '2023-10-03T10:15:48.875Z'
}
{
  message: 'app is listening in the 5000',
  level: 'info',
  label: 'Gym Management',
  timestamp: '2023-10-03T10:15:48.893Z'
}
{
  message: 'database is connected successfully',
  level: 'info',
  label: 'Gym Management',
  timestamp: '2023-10-03T10:16:04.959Z'
}
{
  message: 'app is listening in the 5000',
  level: 'info',
  label: 'Gym Management',
  timestamp: '2023-10-03T10:16:04.972Z'
}
{
  message: 'database is connected successfully',
  level: 'info',
  label: 'Gym Management',
  timestamp: '2023-10-03T10:22:44.309Z'
}
{
  message: 'app is listening in the 5000',
  level: 'info',
  label: 'Gym Management',
  timestamp: '2023-10-03T10:22:44.328Z'
}
{
  message: 'database is connected successfully',
  level: 'info',
  label: 'Gym Management',
  timestamp: '2023-10-03T10:23:00.126Z'
}
{
  message: 'app is listening in the 5000',
  level: 'info',
  label: 'Gym Management',
  timestamp: '2023-10-03T10:23:00.143Z'
}
{
  message: 'database is connected successfully',
  level: 'info',
  label: 'Gym Management',
  timestamp: '2023-10-03T10:23:16.125Z'
}
{
  message: 'app is listening in the 5000',
  level: 'info',
  label: 'Gym Management',
  timestamp: '2023-10-03T10:23:16.139Z'
}
