{
  message: 'database is connected successfully',
  level: 'info',
  label: 'Gym Management',
  timestamp: '2023-10-02T16:37:44.402Z'
}
{
  message: 'app is listening in the 5000',
  level: 'info',
  label: 'Gym Management',
  timestamp: '2023-10-02T16:37:44.419Z'
}
{
  message: 'database is connected successfully',
  level: 'info',
  label: 'Gym Management',
  timestamp: '2023-10-02T16:39:31.405Z'
}
{
  message: 'app is listening in the 5000',
  level: 'info',
  label: 'Gym Management',
  timestamp: '2023-10-02T16:39:31.422Z'
}
{
  message: 'database is connected successfully',
  level: 'info',
  label: 'Gym Management',
  timestamp: '2023-10-02T16:41:03.977Z'
}
{
  message: 'app is listening in the 5000',
  level: 'info',
  label: 'Gym Management',
  timestamp: '2023-10-02T16:41:03.999Z'
}
{
  message: 'database is connected successfully',
  level: 'info',
  label: 'Gym Management',
  timestamp: '2023-10-02T16:41:12.889Z'
}
{
  message: 'app is listening in the 5000',
  level: 'info',
  label: 'Gym Management',
  timestamp: '2023-10-02T16:41:12.914Z'
}
{
  message: 'database is connected successfully',
  level: 'info',
  label: 'Gym Management',
  timestamp: '2023-10-02T16:41:22.528Z'
}
{
  message: 'app is listening in the 5000',
  level: 'info',
  label: 'Gym Management',
  timestamp: '2023-10-02T16:41:22.563Z'
}
{
  message: 'database is connected successfully',
  level: 'info',
  label: 'Gym Management',
  timestamp: '2023-10-02T16:48:19.270Z'
}
{
  message: 'app is listening in the 5000',
  level: 'info',
  label: 'Gym Management',
  timestamp: '2023-10-02T16:48:19.287Z'
}
{
  message: 'database is connected successfully',
  level: 'info',
  label: 'Gym Management',
  timestamp: '2023-10-02T16:48:27.170Z'
}
{
  message: 'app is listening in the 5000',
  level: 'info',
  label: 'Gym Management',
  timestamp: '2023-10-02T16:48:27.194Z'
}
{
  message: 'database is connected successfully',
  level: 'info',
  label: 'Gym Management',
  timestamp: '2023-10-02T16:48:31.817Z'
}
{
  message: 'app is listening in the 5000',
  level: 'info',
  label: 'Gym Management',
  timestamp: '2023-10-02T16:48:31.842Z'
}
{
  message: 'database is connected successfully',
  level: 'info',
  label: 'Gym Management',
  timestamp: '2023-10-02T16:49:53.828Z'
}
{
  message: 'app is listening in the 5000',
  level: 'info',
  label: 'Gym Management',
  timestamp: '2023-10-02T16:49:53.842Z'
}
{
  message: 'database is connected successfully',
  level: 'info',
  label: 'Gym Management',
  timestamp: '2023-10-02T16:49:57.413Z'
}
{
  message: 'app is listening in the 5000',
  level: 'info',
  label: 'Gym Management',
  timestamp: '2023-10-02T16:49:57.428Z'
}
{
  message: 'database is connected successfully',
  level: 'info',
  label: 'Gym Management',
  timestamp: '2023-10-02T16:51:43.169Z'
}
{
  message: 'app is listening in the 5000',
  level: 'info',
  label: 'Gym Management',
  timestamp: '2023-10-02T16:51:43.190Z'
}
{
  message: 'database is connected successfully',
  level: 'info',
  label: 'Gym Management',
  timestamp: '2023-10-02T16:52:45.694Z'
}
{
  message: 'app is listening in the 5000',
  level: 'info',
  label: 'Gym Management',
  timestamp: '2023-10-02T16:52:45.713Z'
}
{
  message: 'database is connected successfully',
  level: 'info',
  label: 'Gym Management',
  timestamp: '2023-10-02T16:53:53.510Z'
}
{
  message: 'app is listening in the 5000',
  level: 'info',
  label: 'Gym Management',
  timestamp: '2023-10-02T16:53:53.532Z'
}
{
  message: 'database is connected successfully',
  level: 'info',
  label: 'Gym Management',
  timestamp: '2023-10-02T16:54:01.269Z'
}
{
  message: 'app is listening in the 5000',
  level: 'info',
  label: 'Gym Management',
  timestamp: '2023-10-02T16:54:01.288Z'
}
{
  message: 'database is connected successfully',
  level: 'info',
  label: 'Gym Management',
  timestamp: '2023-10-02T16:54:10.762Z'
}
{
  message: 'app is listening in the 5000',
  level: 'info',
  label: 'Gym Management',
  timestamp: '2023-10-02T16:54:10.775Z'
}
{
  message: 'database is connected successfully',
  level: 'info',
  label: 'Gym Management',
  timestamp: '2023-10-02T16:54:28.919Z'
}
{
  message: 'app is listening in the 5000',
  level: 'info',
  label: 'Gym Management',
  timestamp: '2023-10-02T16:54:28.952Z'
}
{
  message: 'database is connected successfully',
  level: 'info',
  label: 'Gym Management',
  timestamp: '2023-10-02T16:59:04.845Z'
}
{
  message: 'app is listening in the 5000',
  level: 'info',
  label: 'Gym Management',
  timestamp: '2023-10-02T16:59:04.882Z'
}
