{
  message: 'database is connected successfully',
  level: 'info',
  label: 'Gym Management',
  timestamp: '2023-10-03T06:08:47.594Z'
}
{
  message: 'app is listening in the 5000',
  level: 'info',
  label: 'Gym Management',
  timestamp: '2023-10-03T06:08:47.638Z'
}
{
  message: 'database is connected successfully',
  level: 'info',
  label: 'Gym Management',
  timestamp: '2023-10-03T06:15:05.042Z'
}
{
  message: 'app is listening in the 5000',
  level: 'info',
  label: 'Gym Management',
  timestamp: '2023-10-03T06:15:05.069Z'
}
{
  message: 'database is connected successfully',
  level: 'info',
  label: 'Gym Management',
  timestamp: '2023-10-03T06:15:15.458Z'
}
{
  message: 'app is listening in the 5000',
  level: 'info',
  label: 'Gym Management',
  timestamp: '2023-10-03T06:15:15.476Z'
}
{
  message: 'database is connected successfully',
  level: 'info',
  label: 'Gym Management',
  timestamp: '2023-10-03T06:16:11.340Z'
}
{
  message: 'app is listening in the 5000',
  level: 'info',
  label: 'Gym Management',
  timestamp: '2023-10-03T06:16:11.361Z'
}
{
  message: 'database is connected successfully',
  level: 'info',
  label: 'Gym Management',
  timestamp: '2023-10-03T06:16:42.900Z'
}
{
  message: 'app is listening in the 5000',
  level: 'info',
  label: 'Gym Management',
  timestamp: '2023-10-03T06:16:42.913Z'
}
{
  message: 'database is connected successfully',
  level: 'info',
  label: 'Gym Management',
  timestamp: '2023-10-03T06:16:56.246Z'
}
{
  message: 'app is listening in the 5000',
  level: 'info',
  label: 'Gym Management',
  timestamp: '2023-10-03T06:16:56.274Z'
}
{
  message: 'database is connected successfully',
  level: 'info',
  label: 'Gym Management',
  timestamp: '2023-10-03T06:17:08.896Z'
}
{
  message: 'app is listening in the 5000',
  level: 'info',
  label: 'Gym Management',
  timestamp: '2023-10-03T06:17:08.910Z'
}
{
  message: 'database is connected successfully',
  level: 'info',
  label: 'Gym Management',
  timestamp: '2023-10-03T06:17:23.100Z'
}
{
  message: 'app is listening in the 5000',
  level: 'info',
  label: 'Gym Management',
  timestamp: '2023-10-03T06:17:23.160Z'
}
{
  message: 'database is connected successfully',
  level: 'info',
  label: 'Gym Management',
  timestamp: '2023-10-03T06:17:30.540Z'
}
{
  message: 'app is listening in the 5000',
  level: 'info',
  label: 'Gym Management',
  timestamp: '2023-10-03T06:17:30.552Z'
}
{
  message: 'database is connected successfully',
  level: 'info',
  label: 'Gym Management',
  timestamp: '2023-10-03T06:17:40.516Z'
}
{
  message: 'app is listening in the 5000',
  level: 'info',
  label: 'Gym Management',
  timestamp: '2023-10-03T06:17:40.529Z'
}
{
  message: 'database is connected successfully',
  level: 'info',
  label: 'Gym Management',
  timestamp: '2023-10-03T06:19:06.755Z'
}
{
  message: 'app is listening in the 5000',
  level: 'info',
  label: 'Gym Management',
  timestamp: '2023-10-03T06:19:06.771Z'
}
{
  message: 'database is connected successfully',
  level: 'info',
  label: 'Gym Management',
  timestamp: '2023-10-03T06:20:17.866Z'
}
{
  message: 'app is listening in the 5000',
  level: 'info',
  label: 'Gym Management',
  timestamp: '2023-10-03T06:20:17.881Z'
}
{
  message: 'database is connected successfully',
  level: 'info',
  label: 'Gym Management',
  timestamp: '2023-10-03T06:21:14.801Z'
}
{
  message: 'app is listening in the 5000',
  level: 'info',
  label: 'Gym Management',
  timestamp: '2023-10-03T06:21:14.834Z'
}
{
  message: 'database is connected successfully',
  level: 'info',
  label: 'Gym Management',
  timestamp: '2023-10-03T06:32:24.976Z'
}
{
  message: 'app is listening in the 5000',
  level: 'info',
  label: 'Gym Management',
  timestamp: '2023-10-03T06:32:24.992Z'
}
{
  message: 'database is connected successfully',
  level: 'info',
  label: 'Gym Management',
  timestamp: '2023-10-03T06:33:03.585Z'
}
{
  message: 'app is listening in the 5000',
  level: 'info',
  label: 'Gym Management',
  timestamp: '2023-10-03T06:33:03.611Z'
}
{
  message: 'database is connected successfully',
  level: 'info',
  label: 'Gym Management',
  timestamp: '2023-10-03T06:42:41.364Z'
}
{
  message: 'app is listening in the 5000',
  level: 'info',
  label: 'Gym Management',
  timestamp: '2023-10-03T06:42:41.388Z'
}
{
  message: 'database is connected successfully',
  level: 'info',
  label: 'Gym Management',
  timestamp: '2023-10-03T06:43:29.526Z'
}
{
  message: 'app is listening in the 5000',
  level: 'info',
  label: 'Gym Management',
  timestamp: '2023-10-03T06:43:29.545Z'
}
{
  message: 'database is connected successfully',
  level: 'info',
  label: 'Gym Management',
  timestamp: '2023-10-03T06:45:41.146Z'
}
{
  message: 'app is listening in the 5000',
  level: 'info',
  label: 'Gym Management',
  timestamp: '2023-10-03T06:45:41.167Z'
}
{
  message: 'database is connected successfully',
  level: 'info',
  label: 'Gym Management',
  timestamp: '2023-10-03T06:46:03.168Z'
}
{
  message: 'app is listening in the 5000',
  level: 'info',
  label: 'Gym Management',
  timestamp: '2023-10-03T06:46:03.180Z'
}
{
  message: 'database is connected successfully',
  level: 'info',
  label: 'Gym Management',
  timestamp: '2023-10-03T06:46:15.906Z'
}
{
  message: 'app is listening in the 5000',
  level: 'info',
  label: 'Gym Management',
  timestamp: '2023-10-03T06:46:15.943Z'
}
{
  message: 'database is connected successfully',
  level: 'info',
  label: 'Gym Management',
  timestamp: '2023-10-03T06:46:22.668Z'
}
{
  message: 'app is listening in the 5000',
  level: 'info',
  label: 'Gym Management',
  timestamp: '2023-10-03T06:46:22.687Z'
}
{
  message: 'database is connected successfully',
  level: 'info',
  label: 'Gym Management',
  timestamp: '2023-10-03T06:46:52.358Z'
}
{
  message: 'app is listening in the 5000',
  level: 'info',
  label: 'Gym Management',
  timestamp: '2023-10-03T06:46:52.382Z'
}
{
  message: 'database is connected successfully',
  level: 'info',
  label: 'Gym Management',
  timestamp: '2023-10-03T06:47:05.417Z'
}
{
  message: 'app is listening in the 5000',
  level: 'info',
  label: 'Gym Management',
  timestamp: '2023-10-03T06:47:05.443Z'
}
{
  message: 'database is connected successfully',
  level: 'info',
  label: 'Gym Management',
  timestamp: '2023-10-03T06:47:17.849Z'
}
{
  message: 'app is listening in the 5000',
  level: 'info',
  label: 'Gym Management',
  timestamp: '2023-10-03T06:47:17.861Z'
}
{
  message: 'database is connected successfully',
  level: 'info',
  label: 'Gym Management',
  timestamp: '2023-10-03T06:47:23.616Z'
}
{
  message: 'app is listening in the 5000',
  level: 'info',
  label: 'Gym Management',
  timestamp: '2023-10-03T06:47:23.641Z'
}
{
  message: 'database is connected successfully',
  level: 'info',
  label: 'Gym Management',
  timestamp: '2023-10-03T06:47:41.546Z'
}
{
  message: 'database is connected successfully',
  level: 'info',
  label: 'Gym Management',
  timestamp: '2023-10-03T06:47:44.537Z'
}
{
  message: 'app is listening in the 5000',
  level: 'info',
  label: 'Gym Management',
  timestamp: '2023-10-03T06:47:44.572Z'
}
{
  message: 'database is connected successfully',
  level: 'info',
  label: 'Gym Management',
  timestamp: '2023-10-03T06:47:57.285Z'
}
{
  message: 'app is listening in the 5000',
  level: 'info',
  label: 'Gym Management',
  timestamp: '2023-10-03T06:47:57.303Z'
}
{
  message: 'database is connected successfully',
  level: 'info',
  label: 'Gym Management',
  timestamp: '2023-10-03T06:48:05.691Z'
}
{
  message: 'app is listening in the 5000',
  level: 'info',
  label: 'Gym Management',
  timestamp: '2023-10-03T06:48:05.712Z'
}
{
  message: 'database is connected successfully',
  level: 'info',
  label: 'Gym Management',
  timestamp: '2023-10-03T06:52:46.492Z'
}
{
  message: 'app is listening in the 5000',
  level: 'info',
  label: 'Gym Management',
  timestamp: '2023-10-03T06:52:46.507Z'
}
{
  message: 'database is connected successfully',
  level: 'info',
  label: 'Gym Management',
  timestamp: '2023-10-03T06:52:54.053Z'
}
{
  message: 'app is listening in the 5000',
  level: 'info',
  label: 'Gym Management',
  timestamp: '2023-10-03T06:52:54.085Z'
}
{
  message: 'database is connected successfully',
  level: 'info',
  label: 'Gym Management',
  timestamp: '2023-10-03T06:53:00.328Z'
}
{
  message: 'app is listening in the 5000',
  level: 'info',
  label: 'Gym Management',
  timestamp: '2023-10-03T06:53:00.349Z'
}
{
  message: 'database is connected successfully',
  level: 'info',
  label: 'Gym Management',
  timestamp: '2023-10-03T06:53:24.260Z'
}
{
  message: 'app is listening in the 5000',
  level: 'info',
  label: 'Gym Management',
  timestamp: '2023-10-03T06:53:24.293Z'
}
{
  message: 'database is connected successfully',
  level: 'info',
  label: 'Gym Management',
  timestamp: '2023-10-03T06:54:30.722Z'
}
{
  message: 'app is listening in the 5000',
  level: 'info',
  label: 'Gym Management',
  timestamp: '2023-10-03T06:54:30.747Z'
}
{
  message: 'database is connected successfully',
  level: 'info',
  label: 'Gym Management',
  timestamp: '2023-10-03T06:54:51.005Z'
}
{
  message: 'app is listening in the 5000',
  level: 'info',
  label: 'Gym Management',
  timestamp: '2023-10-03T06:54:51.030Z'
}
{
  message: 'database is connected successfully',
  level: 'info',
  label: 'Gym Management',
  timestamp: '2023-10-03T06:57:21.808Z'
}
{
  message: 'app is listening in the 5000',
  level: 'info',
  label: 'Gym Management',
  timestamp: '2023-10-03T06:57:21.823Z'
}
{
  message: 'database is connected successfully',
  level: 'info',
  label: 'Gym Management',
  timestamp: '2023-10-03T06:59:49.667Z'
}
{
  message: 'app is listening in the 5000',
  level: 'info',
  label: 'Gym Management',
  timestamp: '2023-10-03T06:59:49.687Z'
}
