{
  message: 'database is connected successfully',
  level: 'info',
  label: 'Gym Management',
  timestamp: '2023-10-02T17:00:41.911Z'
}
{
  message: 'app is listening in the 5000',
  level: 'info',
  label: 'Gym Management',
  timestamp: '2023-10-02T17:00:41.928Z'
}
{
  message: 'database is connected successfully',
  level: 'info',
  label: 'Gym Management',
  timestamp: '2023-10-02T17:01:21.964Z'
}
{
  message: 'app is listening in the 5000',
  level: 'info',
  label: 'Gym Management',
  timestamp: '2023-10-02T17:01:21.980Z'
}
{
  message: 'database is connected successfully',
  level: 'info',
  label: 'Gym Management',
  timestamp: '2023-10-02T17:01:37.041Z'
}
{
  message: 'app is listening in the 5000',
  level: 'info',
  label: 'Gym Management',
  timestamp: '2023-10-02T17:01:37.063Z'
}
{
  message: 'database is connected successfully',
  level: 'info',
  label: 'Gym Management',
  timestamp: '2023-10-02T17:02:18.075Z'
}
{
  message: 'app is listening in the 5000',
  level: 'info',
  label: 'Gym Management',
  timestamp: '2023-10-02T17:02:18.109Z'
}
{
  message: 'database is connected successfully',
  level: 'info',
  label: 'Gym Management',
  timestamp: '2023-10-02T17:02:31.758Z'
}
{
  message: 'app is listening in the 5000',
  level: 'info',
  label: 'Gym Management',
  timestamp: '2023-10-02T17:02:31.774Z'
}
{
  message: 'database is connected successfully',
  level: 'info',
  label: 'Gym Management',
  timestamp: '2023-10-02T17:02:42.102Z'
}
{
  message: 'app is listening in the 5000',
  level: 'info',
  label: 'Gym Management',
  timestamp: '2023-10-02T17:02:42.137Z'
}
{
  message: 'database is connected successfully',
  level: 'info',
  label: 'Gym Management',
  timestamp: '2023-10-02T17:02:48.310Z'
}
{
  message: 'app is listening in the 5000',
  level: 'info',
  label: 'Gym Management',
  timestamp: '2023-10-02T17:02:48.329Z'
}
{
  message: 'database is connected successfully',
  level: 'info',
  label: 'Gym Management',
  timestamp: '2023-10-02T17:04:05.118Z'
}
{
  message: 'app is listening in the 5000',
  level: 'info',
  label: 'Gym Management',
  timestamp: '2023-10-02T17:04:05.140Z'
}
{
  message: 'database is connected successfully',
  level: 'info',
  label: 'Gym Management',
  timestamp: '2023-10-02T17:04:58.577Z'
}
{
  message: 'app is listening in the 5000',
  level: 'info',
  label: 'Gym Management',
  timestamp: '2023-10-02T17:04:58.603Z'
}
{
  message: 'database is connected successfully',
  level: 'info',
  label: 'Gym Management',
  timestamp: '2023-10-02T17:05:07.974Z'
}
{
  message: 'app is listening in the 5000',
  level: 'info',
  label: 'Gym Management',
  timestamp: '2023-10-02T17:05:08.004Z'
}
{
  message: 'database is connected successfully',
  level: 'info',
  label: 'Gym Management',
  timestamp: '2023-10-02T17:08:36.765Z'
}
{
  message: 'app is listening in the 5000',
  level: 'info',
  label: 'Gym Management',
  timestamp: '2023-10-02T17:08:36.783Z'
}
{
  message: 'database is connected successfully',
  level: 'info',
  label: 'Gym Management',
  timestamp: '2023-10-02T17:08:43.900Z'
}
{
  message: 'app is listening in the 5000',
  level: 'info',
  label: 'Gym Management',
  timestamp: '2023-10-02T17:08:43.928Z'
}
{
  message: 'database is connected successfully',
  level: 'info',
  label: 'Gym Management',
  timestamp: '2023-10-02T17:10:51.698Z'
}
{
  message: 'app is listening in the 5000',
  level: 'info',
  label: 'Gym Management',
  timestamp: '2023-10-02T17:10:51.718Z'
}
{
  message: 'database is connected successfully',
  level: 'info',
  label: 'Gym Management',
  timestamp: '2023-10-02T17:15:45.558Z'
}
{
  message: 'app is listening in the 5000',
  level: 'info',
  label: 'Gym Management',
  timestamp: '2023-10-02T17:15:45.578Z'
}
