{
  level: 'error',
  message: 'Failed to connect database The `uri` parameter to `openUri()` must be a string, got "undefined". Make sure the first parameter to `mongoose.connect()` or `mongoose.createConnection()` is a string.',
  stack: 'MongooseError: The `uri` parameter to `openUri()` must be a string, got "undefined". Make sure the first parameter to `mongoose.connect()` or `mongoose.createConnection()` is a string.\n' +
    '    at NativeConnection.createClient (C:\\projects\\gym-management-server\\node_modules\\mongoose\\lib\\drivers\\node-mongodb-native\\connection.js:206:11)\n' +
    '    at NativeConnection.openUri (C:\\projects\\gym-management-server\\node_modules\\mongoose\\lib\\connection.js:755:34)\n' +
    '    at Mongoose.connect (C:\\projects\\gym-management-server\\node_modules\\mongoose\\lib\\index.js:404:15)\n' +
    '    at C:\\projects\\gym-management-server\\src\\server.ts:16:20\n' +
    '    at Generator.next (<anonymous>)\n' +
    '    at C:\\projects\\gym-management-server\\src\\server.ts:8:71\n' +
    '    at new Promise (<anonymous>)\n' +
    '    at __awaiter (C:\\projects\\gym-management-server\\src\\server.ts:4:12)\n' +
    '    at boostrap (C:\\projects\\gym-management-server\\src\\server.ts:25:12)\n' +
    '    at Object.<anonymous> (C:\\projects\\gym-management-server\\src\\server.ts:40:1)',
  label: 'Gym Management',
  timestamp: '2023-09-19T14:07:57.527Z'
}
{
  level: 'error',
  message: 'Failed to connect database The `uri` parameter to `openUri()` must be a string, got "undefined". Make sure the first parameter to `mongoose.connect()` or `mongoose.createConnection()` is a string.',
  stack: 'MongooseError: The `uri` parameter to `openUri()` must be a string, got "undefined". Make sure the first parameter to `mongoose.connect()` or `mongoose.createConnection()` is a string.\n' +
    '    at NativeConnection.createClient (C:\\projects\\gym-management-server\\node_modules\\mongoose\\lib\\drivers\\node-mongodb-native\\connection.js:206:11)\n' +
    '    at NativeConnection.openUri (C:\\projects\\gym-management-server\\node_modules\\mongoose\\lib\\connection.js:755:34)\n' +
    '    at Mongoose.connect (C:\\projects\\gym-management-server\\node_modules\\mongoose\\lib\\index.js:404:15)\n' +
    '    at C:\\projects\\gym-management-server\\src\\server.ts:16:20\n' +
    '    at Generator.next (<anonymous>)\n' +
    '    at C:\\projects\\gym-management-server\\src\\server.ts:8:71\n' +
    '    at new Promise (<anonymous>)\n' +
    '    at __awaiter (C:\\projects\\gym-management-server\\src\\server.ts:4:12)\n' +
    '    at boostrap (C:\\projects\\gym-management-server\\src\\server.ts:25:12)\n' +
    '    at Object.<anonymous> (C:\\projects\\gym-management-server\\src\\server.ts:40:1)',
  label: 'Gym Management',
  timestamp: '2023-09-19T14:08:01.572Z'
}
